23:08:52.405 [main] INFO  TestBase.BaseClass - -------Clicking on university button--------
23:08:57.425 [main] INFO  TestBase.BaseClass - -------Scrolling till the form --------
23:08:57.894 [main] INFO  TestBase.BaseClass - -------Entering the firstName--------
23:08:58.752 [main] INFO  TestBase.BaseClass - -------Entering the lastName--------
23:08:59.444 [main] INFO  TestBase.BaseClass - -------Entering the instituteType--------
23:09:00.358 [main] INFO  TestBase.BaseClass - -------Entering the jobType--------
10:33:18.812 [main] INFO  TestBase.BaseClass - ---------Opening of the Coursera Site-------
10:33:40.871 [main] INFO  TestBase.BaseClass - ---------Sending value into the textbox--------
10:33:40.891 [main] INFO  TestBase.BaseClass - -------Entering data into text feild--------
10:34:11.040 [main] INFO  TestBase.BaseClass - ----------Capturing the language and course level details-------
10:34:11.041 [main] INFO  TestBase.BaseClass - -------Scrolling till language type--------
10:34:14.609 [main] INFO  TestBase.BaseClass - -------Scrolling till course level--------
10:34:18.647 [main] INFO  TestBase.BaseClass - ---------Capturing course 1 and course 2 details--------
10:34:18.647 [main] INFO  TestBase.BaseClass - -------Capturing all data of course first box--------
10:34:55.790 [main] INFO  TestBase.BaseClass - -------Capturing all data of course second box--------
10:35:35.448 [main] INFO  TestBase.BaseClass - ---------Entering value into text box--------
10:35:35.479 [main] INFO  TestBase.BaseClass - -------Entering data into input box--------
10:35:37.215 [main] INFO  TestBase.BaseClass - ---------Capturing all the languages and closing the dialog box--------
10:35:37.216 [main] INFO  TestBase.BaseClass - --------Scrolling till the language icon-------
10:35:37.772 [main] INFO  TestBase.BaseClass - -------Scrolling till show more--------
10:35:38.278 [main] INFO  TestBase.BaseClass - -------Capturing all the languages--------
10:35:47.577 [main] INFO  TestBase.BaseClass - ------------Capturing all the levels---------
10:35:47.578 [main] INFO  TestBase.BaseClass - -------Capturing all the levels--------
10:35:48.220 [main] INFO  TestBase.BaseClass - ---------Navigating back to cousera site---------
10:35:48.243 [main] INFO  TestBase.BaseClass - -------Scrolling till coursera button--------
10:36:26.003 [main] INFO  TestBase.BaseClass - ---------Clicking on enterprise and what we offer icon--------
10:36:26.003 [main] INFO  TestBase.BaseClass - -------Scrolling till enterprise button--------
10:37:03.739 [main] INFO  TestBase.BaseClass - -------Clicking on solution button--------
10:37:41.499 [main] INFO  TestBase.BaseClass - ---------Scrolling till learn more and click on it--------
10:37:41.500 [main] INFO  TestBase.BaseClass - -------Clicking on university button--------
10:38:17.281 [main] INFO  TestBase.BaseClass - ---------Entering the details into the form--------
10:38:17.281 [main] INFO  TestBase.BaseClass - -------Scrolling till the form --------
10:38:17.402 [main] INFO  TestBase.BaseClass - -------Entering the firstName--------
10:38:17.931 [main] INFO  TestBase.BaseClass - -------Entering the lastName--------
10:38:18.227 [main] INFO  TestBase.BaseClass - -------Entering the instituteType--------
10:38:18.599 [main] INFO  TestBase.BaseClass - -------Entering the jobType--------
10:38:20.010 [main] INFO  TestBase.BaseClass - ---------Capturing the error message--------
11:40:16.008 [main] INFO  TestBase.BaseClass - -------Entering data into text feild--------
11:40:21.959 [main] INFO  TestBase.BaseClass - -------Scrolling till language type--------
11:40:25.646 [main] INFO  TestBase.BaseClass - -------Scrolling till course level--------
11:40:29.398 [main] INFO  TestBase.BaseClass - -------Capturing all data of course first box--------
11:40:38.755 [main] INFO  TestBase.BaseClass - -------Capturing all data of course second box--------
11:40:47.382 [main] INFO  TestBase.BaseClass - -------Entering data into input box--------
11:40:48.339 [main] INFO  TestBase.BaseClass - --------Scrolling till the language icon-------
11:40:49.078 [main] INFO  TestBase.BaseClass - -------Scrolling till show more--------
11:40:49.742 [main] INFO  TestBase.BaseClass - -------Capturing all the languages--------
11:40:54.229 [main] INFO  TestBase.BaseClass - -------Capturing all the levels--------
11:40:54.734 [main] INFO  TestBase.BaseClass - -------Scrolling till coursera button--------
11:41:00.767 [main] INFO  TestBase.BaseClass - -------Scrolling till enterprise button--------
11:41:09.338 [main] INFO  TestBase.BaseClass - -------Clicking on solution button--------
11:41:14.044 [main] INFO  TestBase.BaseClass - -------Clicking on university button--------
11:41:20.328 [main] INFO  TestBase.BaseClass - -------Scrolling till the form --------
11:41:20.589 [main] INFO  TestBase.BaseClass - -------Entering the firstName--------
11:41:21.180 [main] INFO  TestBase.BaseClass - -------Entering the lastName--------
