21:18:02.012 [main] INFO  TestBase.BaseClass - -------Capturing all data of course second box--------
21:18:18.730 [main] INFO  TestBase.BaseClass - -------Entering data into input box--------
21:18:21.328 [main] INFO  TestBase.BaseClass - --------Scrolling till the language icon-------
21:18:22.708 [main] INFO  TestBase.BaseClass - -------Scrolling till show more--------
21:18:23.730 [main] INFO  TestBase.BaseClass - -------Capturing all the languages--------
21:18:34.817 [main] INFO  TestBase.BaseClass - -------Capturing all the levels--------
21:18:35.714 [main] INFO  TestBase.BaseClass - -------Scrolling till coursera button--------
21:24:14.745 [main] INFO  TestBase.BaseClass - -------Entering data into text feild--------
21:24:25.083 [main] INFO  TestBase.BaseClass - -------Scrolling till language type--------
21:24:30.473 [main] INFO  TestBase.BaseClass - -------Scrolling till course level--------
21:24:34.789 [main] INFO  TestBase.BaseClass - -------Capturing all data of course first box--------
21:24:50.444 [main] INFO  TestBase.BaseClass - -------Capturing all data of course second box--------
21:25:03.393 [main] INFO  TestBase.BaseClass - -------Entering data into input box--------
21:25:05.514 [main] INFO  TestBase.BaseClass - --------Scrolling till the language icon-------
21:25:07.940 [main] INFO  TestBase.BaseClass - -------Scrolling till show more--------
21:25:08.795 [main] INFO  TestBase.BaseClass - -------Capturing all the languages--------
21:25:19.315 [main] INFO  TestBase.BaseClass - -------Capturing all the levels--------
21:25:20.135 [main] INFO  TestBase.BaseClass - -------Scrolling till coursera button--------
21:25:29.668 [main] INFO  TestBase.BaseClass - -------Scrolling till enterprise button--------
21:25:39.389 [main] INFO  TestBase.BaseClass - -------Clicking on solution button--------
21:25:44.838 [main] INFO  TestBase.BaseClass - -------Clicking on university button--------
21:25:52.507 [main] INFO  TestBase.BaseClass - -------Scrolling till the form --------
21:25:53.559 [main] INFO  TestBase.BaseClass - -------Entering the firstName--------
21:25:55.004 [main] INFO  TestBase.BaseClass - -------Entering the lastName--------
21:25:56.230 [main] INFO  TestBase.BaseClass - -------Entering the instituteType--------
21:25:57.635 [main] INFO  TestBase.BaseClass - -------Entering the jobType--------
21:27:06.657 [main] INFO  TestBase.BaseClass - ---------Opening of the Coursera Site-------
21:27:50.609 [main] INFO  TestBase.BaseClass - ---------Sending value into the textbox--------
21:27:50.615 [main] INFO  TestBase.BaseClass - -------Entering data into text feild--------
21:27:59.294 [main] INFO  TestBase.BaseClass - ----------Capturing the language and course level details-------
21:27:59.295 [main] INFO  TestBase.BaseClass - -------Scrolling till language type--------
21:28:06.752 [main] INFO  TestBase.BaseClass - -------Scrolling till course level--------
21:28:12.864 [main] INFO  TestBase.BaseClass - ---------Capturing course 1 and course 2 details--------
21:28:12.865 [main] INFO  TestBase.BaseClass - -------Capturing all data of course first box--------
21:28:43.752 [main] INFO  TestBase.BaseClass - -------Capturing all data of course second box--------
21:29:01.662 [main] INFO  TestBase.BaseClass - ---------Entering value into text box--------
21:29:01.689 [main] INFO  TestBase.BaseClass - -------Entering data into input box--------
21:29:06.544 [main] INFO  TestBase.BaseClass - ---------Capturing all the languages and closing the dialog box--------
21:29:06.544 [main] INFO  TestBase.BaseClass - --------Scrolling till the language icon-------
21:29:07.229 [main] INFO  TestBase.BaseClass - -------Scrolling till show more--------
21:29:08.185 [main] INFO  TestBase.BaseClass - -------Capturing all the languages--------
21:29:17.531 [main] INFO  TestBase.BaseClass - ------------Capturing all the levels---------
21:29:17.532 [main] INFO  TestBase.BaseClass - -------Capturing all the levels--------
21:29:18.717 [main] INFO  TestBase.BaseClass - ---------Navigating back to cousera site---------
21:29:18.723 [main] INFO  TestBase.BaseClass - -------Scrolling till coursera button--------
21:29:31.801 [main] INFO  TestBase.BaseClass - ---------Clicking on enterprise and what we offer icon--------
21:29:31.802 [main] INFO  TestBase.BaseClass - -------Scrolling till enterprise button--------
21:29:55.105 [main] INFO  TestBase.BaseClass - -------Clicking on solution button--------
21:30:04.983 [main] INFO  TestBase.BaseClass - ---------Scrolling till learn more and click on it--------
21:30:04.986 [main] INFO  TestBase.BaseClass - -------Clicking on university button--------
21:30:19.053 [main] INFO  TestBase.BaseClass - ---------Entering the details into the form--------
21:30:19.133 [main] INFO  TestBase.BaseClass - -------Scrolling till the form --------
21:30:19.436 [main] INFO  TestBase.BaseClass - -------Entering the firstName--------
