18:05:03.284 [main] INFO  TestBase.BaseClass - -------Capturing all the levels--------
18:05:03.921 [main] INFO  TestBase.BaseClass - -------Scrolling till coursera button--------
18:05:29.949 [main] INFO  TestBase.BaseClass - -------Scrolling till enterprise button--------
18:05:55.664 [main] INFO  TestBase.BaseClass - -------Clicking on solution button--------
18:06:20.099 [main] INFO  TestBase.BaseClass - -------Clicking on university button--------
18:06:44.959 [main] INFO  TestBase.BaseClass - -------Scrolling till the form --------
18:06:45.396 [main] INFO  TestBase.BaseClass - -------Entering the firstName--------
18:06:45.908 [main] INFO  TestBase.BaseClass - -------Entering the lastName--------
18:06:46.233 [main] INFO  TestBase.BaseClass - -------Entering the instituteType--------
18:06:46.638 [main] INFO  TestBase.BaseClass - -------Entering the jobType--------
22:32:58.593 [main] INFO  TestBase.BaseClass - ---------Sending value into the textbox--------
22:32:58.604 [main] INFO  TestBase.BaseClass - -------Entering data into text feild--------
22:33:05.930 [main] INFO  TestBase.BaseClass - ----------Capturing the language and course level details-------
22:33:05.930 [main] INFO  TestBase.BaseClass - -------Scrolling till language type--------
22:33:09.397 [main] INFO  TestBase.BaseClass - -------Scrolling till course level--------
22:33:13.068 [main] INFO  TestBase.BaseClass - ---------Capturing course 1 and course 2 details--------
22:33:13.068 [main] INFO  TestBase.BaseClass - -------Capturing all data of course first box--------
22:33:21.565 [main] INFO  TestBase.BaseClass - -------Capturing all data of course second box--------
22:34:03.775 [main] INFO  TestCases.Tc_001_HolidayHomeTest - -------Entering data into text feild--------
22:34:10.796 [main] INFO  TestCases.Tc_001_HolidayHomeTest - -------Scrolling till language type--------
22:34:14.473 [main] INFO  TestCases.Tc_001_HolidayHomeTest - -------Scrolling till course level--------
22:34:18.192 [main] INFO  TestCases.Tc_001_HolidayHomeTest - -------Capturing all data of course first box--------
22:34:27.019 [main] INFO  TestCases.Tc_001_HolidayHomeTest - -------Capturing all data of course second box--------
22:34:36.550 [main] INFO  TestCases.Tc_001_HolidayHomeTest - -------Entering data into input box--------
22:34:37.936 [main] INFO  TestCases.Tc_001_HolidayHomeTest - --------Scrolling till the language icon-------
22:35:08.940 [main] INFO  TestCases.Tc_001_HolidayHomeTest - -------Scrolling till show more--------
22:35:39.154 [main] INFO  TestCases.Tc_001_HolidayHomeTest - -------Capturing all the languages--------
22:35:44.550 [main] INFO  TestCases.Tc_001_HolidayHomeTest - -------Capturing all the levels--------
22:35:45.108 [main] INFO  TestCases.Tc_001_HolidayHomeTest - -------Scrolling till coursera button--------
22:35:51.376 [main] INFO  TestCases.Tc_001_HolidayHomeTest - -------Scrolling till enterprise button--------
22:35:59.983 [main] INFO  TestCases.Tc_001_HolidayHomeTest - -------Clicking on solution button--------
22:36:04.438 [main] INFO  TestCases.Tc_001_HolidayHomeTest - -------Clicking on university button--------
22:36:09.449 [main] INFO  TestCases.Tc_001_HolidayHomeTest - -------Scrolling till the form --------
22:36:10.199 [main] INFO  TestCases.Tc_001_HolidayHomeTest - -------Entering the firstName--------
22:36:10.975 [main] INFO  TestCases.Tc_001_HolidayHomeTest - -------Entering the lastName--------
22:36:11.616 [main] INFO  TestCases.Tc_001_HolidayHomeTest - -------Entering the instituteType--------
22:36:12.466 [main] INFO  TestCases.Tc_001_HolidayHomeTest - -------Entering the jobType--------
22:36:35.855 [main] INFO  TestCases.Tc_001_HolidayHomeTest - -------Entering data into text feild--------
22:36:44.762 [main] INFO  TestCases.Tc_001_HolidayHomeTest - -------Scrolling till language type--------
22:36:48.415 [main] INFO  TestCases.Tc_001_HolidayHomeTest - -------Scrolling till course level--------
22:36:52.060 [main] INFO  TestCases.Tc_001_HolidayHomeTest - -------Capturing all data of course first box--------
22:36:59.696 [main] INFO  TestCases.Tc_001_HolidayHomeTest - -------Capturing all data of course second box--------
22:37:13.643 [main] INFO  TestCases.Tc_001_HolidayHomeTest - -------Entering data into input box--------
22:37:14.808 [main] INFO  TestCases.Tc_001_HolidayHomeTest - --------Scrolling till the language icon-------
22:37:45.039 [main] INFO  TestCases.Tc_001_HolidayHomeTest - -------Scrolling till show more--------
22:38:15.414 [main] INFO  TestCases.Tc_001_HolidayHomeTest - -------Capturing all the languages--------
22:38:19.383 [main] INFO  TestCases.Tc_001_HolidayHomeTest - -------Capturing all the levels--------
22:38:19.911 [main] INFO  TestCases.Tc_001_HolidayHomeTest - -------Scrolling till coursera button--------
22:38:26.878 [main] INFO  TestCases.Tc_001_HolidayHomeTest - -------Scrolling till enterprise button--------
22:38:36.178 [main] INFO  TestCases.Tc_001_HolidayHomeTest - -------Clicking on solution button--------
