21:48:28.511 [main] INFO  TestCases.Tc_001_HolidayHomeTest - -------Entering the firstName--------
21:48:29.796 [main] INFO  TestCases.Tc_001_HolidayHomeTest - -------Entering the instituteType--------
21:48:30.131 [main] INFO  TestCases.Tc_001_HolidayHomeTest - -------Entering the jobType--------
09:36:23.480 [main] INFO  TestCases.Tc_001_HolidayHomeTest - -------Entering data into text feild--------
09:36:32.227 [main] INFO  TestCases.Tc_001_HolidayHomeTest - -------Scrolling till language type--------
09:36:35.934 [main] INFO  TestCases.Tc_001_HolidayHomeTest - -------Scrolling till course level--------
09:36:39.707 [main] INFO  TestCases.Tc_001_HolidayHomeTest - -------Capturing all data of course first box--------
09:36:50.602 [main] INFO  TestCases.Tc_001_HolidayHomeTest - -------Capturing all data of course second box--------
09:36:59.018 [main] INFO  TestCases.Tc_001_HolidayHomeTest - -------Entering data into input box--------
09:37:00.170 [main] INFO  TestCases.Tc_001_HolidayHomeTest - --------Scrolling till the language icon-------
09:37:30.457 [main] INFO  TestCases.Tc_001_HolidayHomeTest - -------Scrolling till show more--------
09:38:00.695 [main] INFO  TestCases.Tc_001_HolidayHomeTest - -------Capturing all the languages--------
09:38:05.391 [main] INFO  TestCases.Tc_001_HolidayHomeTest - -------Capturing all the levels--------
09:38:05.998 [main] INFO  TestCases.Tc_001_HolidayHomeTest - -------Scrolling till coursera button--------
09:38:10.384 [main] INFO  TestCases.Tc_001_HolidayHomeTest - -------Scrolling till enterprise button--------
09:38:24.235 [main] INFO  TestCases.Tc_001_HolidayHomeTest - -------Clicking on university button--------
09:38:32.444 [main] INFO  TestCases.Tc_001_HolidayHomeTest - -------Entering the firstName--------
09:38:33.530 [main] INFO  TestCases.Tc_001_HolidayHomeTest - -------Entering the instituteType--------
09:38:33.854 [main] INFO  TestCases.Tc_001_HolidayHomeTest - -------Entering the jobType--------
12:12:29.326 [main] INFO  TestCases.Tc_001_HolidayHomeTest - -------Entering data into text feild--------
12:12:38.398 [main] INFO  TestCases.Tc_001_HolidayHomeTest - -------Scrolling till language type--------
12:12:42.953 [main] INFO  TestCases.Tc_001_HolidayHomeTest - -------Scrolling till course level--------
12:12:47.267 [main] INFO  TestCases.Tc_001_HolidayHomeTest - -------Capturing all data of course first box--------
12:13:01.735 [main] INFO  TestCases.Tc_001_HolidayHomeTest - -------Capturing all data of course second box--------
12:13:13.933 [main] INFO  TestCases.Tc_001_HolidayHomeTest - -------Entering data into input box--------
12:13:15.593 [main] INFO  TestCases.Tc_001_HolidayHomeTest - --------Scrolling till the language icon-------
12:13:46.079 [main] INFO  TestCases.Tc_001_HolidayHomeTest - -------Scrolling till show more--------
12:14:16.591 [main] INFO  TestCases.Tc_001_HolidayHomeTest - -------Capturing all the languages--------
12:14:24.175 [main] INFO  TestCases.Tc_001_HolidayHomeTest - -------Capturing all the levels--------
12:14:25.069 [main] INFO  TestCases.Tc_001_HolidayHomeTest - -------Scrolling till coursera button--------
12:14:34.881 [main] INFO  TestCases.Tc_001_HolidayHomeTest - -------Scrolling till enterprise button--------
12:14:50.776 [main] INFO  TestCases.Tc_001_HolidayHomeTest - -------Clicking on university button--------
12:14:57.360 [main] INFO  TestCases.Tc_001_HolidayHomeTest - -------Entering the firstName--------
12:14:58.768 [main] INFO  TestCases.Tc_001_HolidayHomeTest - -------Entering the instituteType--------
12:14:59.379 [main] INFO  TestCases.Tc_001_HolidayHomeTest - -------Entering the jobType--------
12:55:05.830 [main] INFO  TestCases.Tc_001_HolidayHomeTest - -------Entering data into text feild--------
12:55:12.537 [main] INFO  TestCases.Tc_001_HolidayHomeTest - -------Scrolling till language type--------
12:55:16.560 [main] INFO  TestCases.Tc_001_HolidayHomeTest - -------Scrolling till course level--------
12:55:20.552 [main] INFO  TestCases.Tc_001_HolidayHomeTest - -------Capturing all data of course first box--------
12:55:32.705 [main] INFO  TestCases.Tc_001_HolidayHomeTest - -------Capturing all data of course second box--------
12:55:42.293 [main] INFO  TestCases.Tc_001_HolidayHomeTest - -------Entering data into input box--------
12:55:43.443 [main] INFO  TestCases.Tc_001_HolidayHomeTest - --------Scrolling till the language icon-------
12:56:13.875 [main] INFO  TestCases.Tc_001_HolidayHomeTest - -------Scrolling till show more--------
12:56:44.151 [main] INFO  TestCases.Tc_001_HolidayHomeTest - -------Capturing all the languages--------
12:56:50.310 [main] INFO  TestCases.Tc_001_HolidayHomeTest - -------Capturing all the levels--------
12:56:50.946 [main] INFO  TestCases.Tc_001_HolidayHomeTest - -------Scrolling till coursera button--------
12:56:58.806 [main] INFO  TestCases.Tc_001_HolidayHomeTest - -------Scrolling till enterprise button--------
